#
# There is insufficient memory for the Java Runtime Environment to continue.
# Native memory allocation (malloc) failed to allocate 32744 bytes for ChunkPool::allocate
# Possible reasons:
#   The system is out of physical RAM or swap space
#   The process is running with CompressedOops enabled, and the Java Heap may be blocking the growth of the native heap
# Possible solutions:
#   Reduce memory load on the system
#   Increase physical memory or swap space
#   Check if swap backing store is full
#   Decrease Java heap size (-Xmx/-Xms)
#   Decrease number of Java threads
#   Decrease Java thread stack sizes (-Xss)
#   Set larger code cache with -XX:ReservedCodeCacheSize=
#   JVM is running with Unscaled Compressed Oops mode in which the Java heap is
#     placed in the first 4GB address space. The Java Heap base address is the
#     maximum limit for the native heap growth. Please use -XX:HeapBaseMinAddress
#     to set the Java Heap base and to place the Java Heap above 4GB virtual address.
# This output file may be truncated or incomplete.
#
#  Out of Memory Error (allocation.cpp:272), pid=5196, tid=0x0000000000005338
#
# JRE version: OpenJDK Runtime Environment (Zulu 8.52.0.23-CA-win64) (8.0_282-b08) (build 1.8.0_282-b08)
# Java VM: OpenJDK 64-Bit Server VM (25.282-b08 mixed mode windows-amd64 compressed oops)
# Failed to write core dump. Minidumps are not enabled by default on client versions of Windows
#

---------------  T H R E A D  ---------------

Current thread (0x0000000018dbf800):  JavaThread "C2 CompilerThread0" daemon [_thread_in_native, id=21304, stack(0x0000000019060000,0x0000000019160000)]

Stack: [0x0000000019060000,0x0000000019160000]
[error occurred during error reporting (printing stack bounds), id 0xc0000005]

Native frames: (J=compiled Java code, j=interpreted, Vv=VM code, C=native code)


Current CompileTask:
C2:  25258 2958       4       java.net.URLClassLoader$1::run (5 bytes)


---------------  P R O C E S S  ---------------

Java Threads: ( => current thread )
  0x0000000019b48000 JavaThread "Okio Watchdog" daemon [_thread_blocked, id=4228, stack(0x000000001f050000,0x000000001f150000)]
  0x0000000019760000 JavaThread "OkHttp ConnectionPool" daemon [_thread_blocked, id=3168, stack(0x000000001ef50000,0x000000001f050000)]
  0x000000001a03c800 JavaThread "ForkJoinPool.commonPool-worker-2" daemon [_thread_blocked, id=2800, stack(0x000000001eb50000,0x000000001ec50000)]
  0x000000001940e000 JavaThread "ForkJoinPool.commonPool-worker-1" daemon [_thread_blocked, id=13500, stack(0x000000001ea50000,0x000000001eb50000)]
  0x0000000019d6c800 JavaThread "Exec Stream Pumper" daemon [_thread_in_native, id=2000, stack(0x000000001e650000,0x000000001e750000)]
  0x0000000019d6c000 JavaThread "Exec Stream Pumper" daemon [_thread_in_native, id=19300, stack(0x000000001e550000,0x000000001e650000)]
  0x0000000019d6b000 JavaThread "UrlChecker-2" daemon [_thread_blocked, id=18916, stack(0x000000001e250000,0x000000001e350000)]
  0x000000001a741000 JavaThread "Exec Default Executor" daemon [_thread_in_native, id=19992, stack(0x000000001e150000,0x000000001e250000)]
  0x0000000018dc3000 JavaThread "Service Thread" daemon [_thread_blocked, id=19904, stack(0x0000000019b60000,0x0000000019c60000)]
  0x0000000018dc1000 JavaThread "C1 CompilerThread2" daemon [_thread_blocked, id=18288, stack(0x0000000019260000,0x0000000019360000)]
  0x0000000018dc0000 JavaThread "C2 CompilerThread1" daemon [_thread_in_native, id=10920, stack(0x0000000019160000,0x0000000019260000)]
=>0x0000000018dbf800 JavaThread "C2 CompilerThread0" daemon [_thread_in_native, id=21304, stack(0x0000000019060000,0x0000000019160000)]
  0x0000000018d47000 JavaThread "Attach Listener" daemon [_thread_blocked, id=9212, stack(0x0000000018f60000,0x0000000019060000)]
  0x0000000018e0f000 JavaThread "Signal Dispatcher" daemon [_thread_blocked, id=19304, stack(0x0000000018e60000,0x0000000018f60000)]
  0x00000000175de800 JavaThread "Finalizer" daemon [_thread_blocked, id=12424, stack(0x0000000018850000,0x0000000018950000)]
  0x00000000175d6800 JavaThread "Reference Handler" daemon [_thread_blocked, id=20716, stack(0x0000000018750000,0x0000000018850000)]
  0x00000000028d9800 JavaThread "main" [_thread_in_Java, id=10680, stack(0x00000000027c0000,0x00000000028c0000)]

Other Threads:
  0x00000000175ac000 VMThread [stack: 0x0000000018650000,0x0000000018750000] [id=5676]
  0x0000000018e5e000 WatcherThread [stack: 0x0000000019c60000,0x0000000019d60000] [id=10072]

VM state:not at safepoint (normal execution)

VM Mutex/Monitor currently owned by a thread:  ([mutex/lock_event])
[0x00000000027bdcb0] CodeCache_lock - owner thread: 0x0000000000000000

heap address: 0x0000000080000000, size: 2048 MB, Compressed Oops mode: 32-bit
Narrow klass base: 0x0000000000000000, Narrow klass shift: 3
Compressed class space size: 1073741824 Address: 0x0000000100000000

Heap:
 PSYoungGen      total 138240K, used 71647K [0x00000000d5580000, 0x00000000de500000, 0x0000000100000000)
  eden space 132608K, 49% used [0x00000000d5580000,0x00000000d95f91b8,0x00000000dd700000)
  from space 5632K, 99% used [0x00000000dde00000,0x00000000de37eb18,0x00000000de380000)
  to   space 7168K, 0% used [0x00000000dd700000,0x00000000dd700000,0x00000000dde00000)
 ParOldGen       total 34816K, used 12837K [0x0000000080000000, 0x0000000082200000, 0x00000000d5580000)
  object space 34816K, 36% used [0x0000000080000000,0x0000000080c89410,0x0000000082200000)
 Metaspace       used 30246K, capacity 31154K, committed 31360K, reserved 1077248K
  class space    used 3598K, capacity 3859K, committed 3968K, reserved 1048576K

Card table byte_map: [0x0000000011d80000,0x0000000012190000] byte_map_base: 0x0000000011980000

Marking Bits: (ParMarkBitMap*) 0x000000005afc1f00
 Begin Bits: [0x0000000012840000, 0x0000000014840000)
 End Bits:   [0x0000000014840000, 0x0000000016840000)

Polling page: 0x0000000002750000

CodeCache: size=245760Kb used=11433Kb max_used=11618Kb free=234326Kb
 bounds [0x00000000029c0000, 0x0000000003540000, 0x00000000119c0000]
 total_blobs=3431 nmethods=2740 adapters=601
 compilation: enabled

Compilation events (10 events):
Event: 25.145 Thread 0x0000000018dc0000 nmethod 2957 0x0000000002d85690 code [0x0000000002d85860, 0x0000000002d87758]
Event: 25.145 Thread 0x0000000018dc0000 2959   !   4       java.net.URLClassLoader$1::run (63 bytes)
Event: 25.178 Thread 0x0000000018dc1000 2960       3       java.util.regex.Pattern$CharProperty::match (56 bytes)
Event: 25.179 Thread 0x0000000018dc1000 nmethod 2960 0x0000000002db9e90 code [0x0000000002dba020, 0x0000000002dba508]
Event: 25.187 Thread 0x0000000018dc1000 2962       3       java.util.stream.StreamOpFlag::combineOpFlags (9 bytes)
Event: 25.187 Thread 0x0000000018dc1000 nmethod 2962 0x0000000002defa90 code [0x0000000002defc00, 0x0000000002defe10]
Event: 25.188 Thread 0x0000000018dc1000 2963       3       java.util.stream.StreamOpFlag::getMask (30 bytes)
Event: 25.188 Thread 0x0000000018dc1000 nmethod 2963 0x0000000002def650 code [0x0000000002def7a0, 0x0000000002def950]
Event: 25.188 Thread 0x0000000018dc1000 2964       3       java.util.regex.Pattern$1::isSatisfiedBy (13 bytes)
Event: 25.188 Thread 0x0000000018dc1000 nmethod 2964 0x0000000003017f10 code [0x0000000003018080, 0x0000000003018330]

GC Heap History (10 events):
Event: 9.153 GC heap before
{Heap before GC invocations=9 (full 0):
 PSYoungGen      total 68096K, used 65917K [0x00000000d5580000, 0x00000000d9c80000, 0x0000000100000000)
  eden space 63488K, 100% used [0x00000000d5580000,0x00000000d9380000,0x00000000d9380000)
  from space 4608K, 52% used [0x00000000d9800000,0x00000000d9a5f5e8,0x00000000d9c80000)
  to   space 4608K, 0% used [0x00000000d9380000,0x00000000d9380000,0x00000000d9800000)
 ParOldGen       total 42496K, used 6199K [0x0000000080000000, 0x0000000082980000, 0x00000000d5580000)
  object space 42496K, 14% used [0x0000000080000000,0x000000008060dc30,0x0000000082980000)
 Metaspace       used 18068K, capacity 18278K, committed 18560K, reserved 1064960K
  class space    used 1970K, capacity 2070K, committed 2176K, reserved 1048576K
Event: 9.162 GC heap after
Heap after GC invocations=9 (full 0):
 PSYoungGen      total 68096K, used 4591K [0x00000000d5580000, 0x00000000dc400000, 0x0000000100000000)
  eden space 63488K, 0% used [0x00000000d5580000,0x00000000d5580000,0x00000000d9380000)
  from space 4608K, 99% used [0x00000000d9380000,0x00000000d97fbcc8,0x00000000d9800000)
  to   space 5632K, 0% used [0x00000000dbe80000,0x00000000dbe80000,0x00000000dc400000)
 ParOldGen       total 42496K, used 7559K [0x0000000080000000, 0x0000000082980000, 0x00000000d5580000)
  object space 42496K, 17% used [0x0000000080000000,0x0000000080761c48,0x0000000082980000)
 Metaspace       used 18068K, capacity 18278K, committed 18560K, reserved 1064960K
  class space    used 1970K, capacity 2070K, committed 2176K, reserved 1048576K
}
Event: 10.126 GC heap before
{Heap before GC invocations=10 (full 0):
 PSYoungGen      total 68096K, used 52718K [0x00000000d5580000, 0x00000000dc400000, 0x0000000100000000)
  eden space 63488K, 75% used [0x00000000d5580000,0x00000000d847fbd0,0x00000000d9380000)
  from space 4608K, 99% used [0x00000000d9380000,0x00000000d97fbcc8,0x00000000d9800000)
  to   space 5632K, 0% used [0x00000000dbe80000,0x00000000dbe80000,0x00000000dc400000)
 ParOldGen       total 42496K, used 7559K [0x0000000080000000, 0x0000000082980000, 0x00000000d5580000)
  object space 42496K, 17% used [0x0000000080000000,0x0000000080761c48,0x0000000082980000)
 Metaspace       used 20861K, capacity 21136K, committed 21296K, reserved 1069056K
  class space    used 2311K, capacity 2425K, committed 2432K, reserved 1048576K
Event: 10.139 GC heap after
Heap after GC invocations=10 (full 0):
 PSYoungGen      total 107520K, used 4791K [0x00000000d5580000, 0x00000000dc400000, 0x0000000100000000)
  eden space 101888K, 0% used [0x00000000d5580000,0x00000000d5580000,0x00000000db900000)
  from space 5632K, 85% used [0x00000000dbe80000,0x00000000dc32df38,0x00000000dc400000)
  to   space 5632K, 0% used [0x00000000db900000,0x00000000db900000,0x00000000dbe80000)
 ParOldGen       total 42496K, used 8439K [0x0000000080000000, 0x0000000082980000, 0x00000000d5580000)
  object space 42496K, 19% used [0x0000000080000000,0x000000008083dc78,0x0000000082980000)
 Metaspace       used 20861K, capacity 21136K, committed 21296K, reserved 1069056K
  class space    used 2311K, capacity 2425K, committed 2432K, reserved 1048576K
}
Event: 10.139 GC heap before
{Heap before GC invocations=11 (full 1):
 PSYoungGen      total 107520K, used 4791K [0x00000000d5580000, 0x00000000dc400000, 0x0000000100000000)
  eden space 101888K, 0% used [0x00000000d5580000,0x00000000d5580000,0x00000000db900000)
  from space 5632K, 85% used [0x00000000dbe80000,0x00000000dc32df38,0x00000000dc400000)
  to   space 5632K, 0% used [0x00000000db900000,0x00000000db900000,0x00000000dbe80000)
 ParOldGen       total 42496K, used 8439K [0x0000000080000000, 0x0000000082980000, 0x00000000d5580000)
  object space 42496K, 19% used [0x0000000080000000,0x000000008083dc78,0x0000000082980000)
 Metaspace       used 20861K, capacity 21136K, committed 21296K, reserved 1069056K
  class space    used 2311K, capacity 2425K, committed 2432K, reserved 1048576K
Event: 10.236 GC heap after
Heap after GC invocations=11 (full 1):
 PSYoungGen      total 107520K, used 0K [0x00000000d5580000, 0x00000000dc400000, 0x0000000100000000)
  eden space 101888K, 0% used [0x00000000d5580000,0x00000000d5580000,0x00000000db900000)
  from space 5632K, 0% used [0x00000000dbe80000,0x00000000dbe80000,0x00000000dc400000)
  to   space 5632K, 0% used [0x00000000db900000,0x00000000db900000,0x00000000dbe80000)
 ParOldGen       total 34816K, used 9917K [0x0000000080000000, 0x0000000082200000, 0x00000000d5580000)
  object space 34816K, 28% used [0x0000000080000000,0x00000000809af560,0x0000000082200000)
 Metaspace       used 20861K, capacity 21136K, committed 21296K, reserved 1069056K
  class space    used 2311K, capacity 2425K, committed 2432K, reserved 1048576K
}
Event: 12.354 GC heap before
{Heap before GC invocations=12 (full 1):
 PSYoungGen      total 107520K, used 101888K [0x00000000d5580000, 0x00000000dc400000, 0x0000000100000000)
  eden space 101888K, 100% used [0x00000000d5580000,0x00000000db900000,0x00000000db900000)
  from space 5632K, 0% used [0x00000000dbe80000,0x00000000dbe80000,0x00000000dc400000)
  to   space 5632K, 0% used [0x00000000db900000,0x00000000db900000,0x00000000dbe80000)
 ParOldGen       total 34816K, used 9917K [0x0000000080000000, 0x0000000082200000, 0x00000000d5580000)
  object space 34816K, 28% used [0x0000000080000000,0x00000000809af560,0x0000000082200000)
 Metaspace       used 22328K, capacity 22648K, committed 22832K, reserved 1069056K
  class space    used 2449K, capacity 2580K, committed 2688K, reserved 1048576K
Event: 12.360 GC heap after
Heap after GC invocations=12 (full 1):
 PSYoungGen      total 107520K, used 3225K [0x00000000d5580000, 0x00000000de380000, 0x0000000100000000)
  eden space 101888K, 0% used [0x00000000d5580000,0x00000000d5580000,0x00000000db900000)
  from space 5632K, 57% used [0x00000000db900000,0x00000000dbc26588,0x00000000dbe80000)
  to   space 5632K, 0% used [0x00000000dde00000,0x00000000dde00000,0x00000000de380000)
 ParOldGen       total 34816K, used 9925K [0x0000000080000000, 0x0000000082200000, 0x00000000d5580000)
  object space 34816K, 28% used [0x0000000080000000,0x00000000809b1560,0x0000000082200000)
 Metaspace       used 22328K, capacity 22648K, committed 22832K, reserved 1069056K
  class space    used 2449K, capacity 2580K, committed 2688K, reserved 1048576K
}
Event: 16.558 GC heap before
{Heap before GC invocations=13 (full 1):
 PSYoungGen      total 107520K, used 105113K [0x00000000d5580000, 0x00000000de380000, 0x0000000100000000)
  eden space 101888K, 100% used [0x00000000d5580000,0x00000000db900000,0x00000000db900000)
  from space 5632K, 57% used [0x00000000db900000,0x00000000dbc26588,0x00000000dbe80000)
  to   space 5632K, 0% used [0x00000000dde00000,0x00000000dde00000,0x00000000de380000)
 ParOldGen       total 34816K, used 9925K [0x0000000080000000, 0x0000000082200000, 0x00000000d5580000)
  object space 34816K, 28% used [0x0000000080000000,0x00000000809b1560,0x0000000082200000)
 Metaspace       used 24325K, capacity 24706K, committed 24960K, reserved 1071104K
  class space    used 2749K, capacity 2881K, committed 2944K, reserved 1048576K
Event: 16.586 GC heap after
Heap after GC invocations=13 (full 1):
 PSYoungGen      total 138240K, used 5626K [0x00000000d5580000, 0x00000000de500000, 0x0000000100000000)
  eden space 132608K, 0% used [0x00000000d5580000,0x00000000d5580000,0x00000000dd700000)
  from space 5632K, 99% used [0x00000000dde00000,0x00000000de37eb18,0x00000000de380000)
  to   space 7168K, 0% used [0x00000000dd700000,0x00000000dd700000,0x00000000dde00000)
 ParOldGen       total 34816K, used 12837K [0x0000000080000000, 0x0000000082200000, 0x00000000d5580000)
  object space 34816K, 36% used [0x0000000080000000,0x0000000080c89410,0x0000000082200000)
 Metaspace       used 24325K, capacity 24706K, committed 24960K, reserved 1071104K
  class space    used 2749K, capacity 2881K, committed 2944K, reserved 1048576K
}

Deoptimization events (10 events):
Event: 20.654 Thread 0x00000000028d9800 Uncommon trap: reason=unstable_if action=reinterpret pc=0x00000000034367e8 method=java.util.regex.Pattern$BmpCharProperty.match(Ljava/util/regex/Matcher;ILjava/lang/CharSequence;)Z @ 34
Event: 20.733 Thread 0x00000000028d9800 Uncommon trap: reason=class_check action=maybe_recompile pc=0x00000000034a5c5c method=java.util.HashSet.contains(Ljava/lang/Object;)Z @ 5
Event: 20.733 Thread 0x00000000028d9800 Uncommon trap: reason=class_check action=maybe_recompile pc=0x00000000034a5c5c method=java.util.HashSet.contains(Ljava/lang/Object;)Z @ 5
Event: 24.771 Thread 0x00000000028d9800 Uncommon trap: reason=class_check action=maybe_recompile pc=0x0000000002beff44 method=org.openqa.selenium.json.Input.init()V @ 18
Event: 24.771 Thread 0x00000000028d9800 Uncommon trap: reason=class_check action=maybe_recompile pc=0x0000000002beff44 method=org.openqa.selenium.json.Input.init()V @ 18
Event: 24.771 Thread 0x00000000028d9800 Uncommon trap: reason=class_check action=maybe_recompile pc=0x0000000002beff44 method=org.openqa.selenium.json.Input.init()V @ 18
Event: 24.771 Thread 0x00000000028d9800 Uncommon trap: reason=class_check action=maybe_recompile pc=0x0000000002beff44 method=org.openqa.selenium.json.Input.init()V @ 18
Event: 25.014 Thread 0x00000000028d9800 Uncommon trap: reason=bimorphic action=maybe_recompile pc=0x0000000002f5a0f4 method=java.util.HashMap.putVal(ILjava/lang/Object;Ljava/lang/Object;ZZ)Ljava/lang/Object; @ 203
Event: 25.015 Thread 0x00000000028d9800 Uncommon trap: reason=bimorphic action=maybe_recompile pc=0x0000000002f5a0f4 method=java.util.HashMap.putVal(ILjava/lang/Object;Ljava/lang/Object;ZZ)Ljava/lang/Object; @ 203
Event: 25.015 Thread 0x00000000028d9800 Uncommon trap: reason=bimorphic action=maybe_recompile pc=0x0000000002f5a0f4 method=java.util.HashMap.putVal(ILjava/lang/Object;Ljava/lang/Object;ZZ)Ljava/lang/Object; @ 203

Classes redefined (0 events):
No events

Internal exceptions (10 events):
Event: 16.268 Thread 0x00000000028d9800 Exception <a 'java/lang/ClassNotFoundException': com/kms/katalon/core/webui/keyword/builtin/OpenBrowserKeywordCustomizer> (0x00000000daff2c20) thrown at [C:\jenkins\workspace\zulu8-silver-build-win64\zulu-src\hotspot\src\share\vm\classfile\systemDictionar
Event: 16.281 Thread 0x00000000028d9800 Exception <a 'java/lang/ClassNotFoundException': com/kms/katalon/core/logging/KeywordLoggerBeanInfo> (0x00000000db0e8c28) thrown at [C:\jenkins\workspace\zulu8-silver-build-win64\zulu-src\hotspot\src\share\vm\classfile\systemDictionary.cpp, line 220]
Event: 16.292 Thread 0x00000000028d9800 Exception <a 'java/lang/ClassNotFoundException': com/kms/katalon/core/logging/KeywordLoggerCustomizer> (0x00000000db1a0330) thrown at [C:\jenkins\workspace\zulu8-silver-build-win64\zulu-src\hotspot\src\share\vm\classfile\systemDictionary.cpp, line 220]
Event: 16.401 Thread 0x00000000028d9800 Exception <a 'java/lang/ClassNotFoundException': com/kms/katalon/core/webui/keyword/builtin/InternalSmartWaitGroovyWrapperBeanInfo> (0x00000000db462548) thrown at [C:\jenkins\workspace\zulu8-silver-build-win64\zulu-src\hotspot\src\share\vm\classfile\syste
Event: 16.410 Thread 0x00000000028d9800 Exception <a 'java/lang/ClassNotFoundException': com/kms/katalon/core/webui/keyword/builtin/InternalSmartWaitGroovyWrapperCustomizer> (0x00000000db55cde8) thrown at [C:\jenkins\workspace\zulu8-silver-build-win64\zulu-src\hotspot\src\share\vm\classfile\sys
Event: 19.801 Thread 0x0000000019d6b000 Exception <a 'java/net/SocketTimeoutException': connect timed out> (0x00000000d7331a70) thrown at [C:\jenkins\workspace\zulu8-silver-build-win64\zulu-src\hotspot\src\share\vm\prims\jni.cpp, line 738]
Event: 19.958 Thread 0x00000000028d9800 Exception <a 'java/lang/IncompatibleClassChangeError': Found class java.lang.Object, but interface was expected> (0x00000000d776fc50) thrown at [C:\jenkins\workspace\zulu8-silver-build-win64\zulu-src\hotspot\src\share\vm\interpreter\linkResolver.cpp, line
Event: 19.965 Thread 0x00000000028d9800 Exception <a 'java/lang/NoSuchMethodError': java.lang.Object.lambda$or$2(Ljava/util/function/Predicate;Ljava/lang/Object;)Z> (0x00000000d778c6c8) thrown at [C:\jenkins\workspace\zulu8-silver-build-win64\zulu-src\hotspot\src\share\vm\interpreter\linkResolv
Event: 20.129 Thread 0x00000000028d9800 Exception <a 'java/lang/NoSuchMethodError': java.lang.Object.lambda$chars$0()Ljava/util/Spliterator$OfInt;> (0x00000000d7b2dd50) thrown at [C:\jenkins\workspace\zulu8-silver-build-win64\zulu-src\hotspot\src\share\vm\interpreter\linkResolver.cpp, line 620]
Event: 24.794 Thread 0x00000000028d9800 Exception <a 'java/lang/NoSuchMethodError': java.lang.Object.lambda$getResponseFunction$0(Lorg/openqa/selenium/remote/InitialHandshakeResponse;)Lorg/openqa/selenium/remote/ProtocolHandshake$Result;> (0x00000000d9007848) thrown at [C:\jenkins\workspace\zul

Events (10 events):
Event: 25.015 Thread 0x00000000028d9800 Uncommon trap: trap_request=0xffffffc6 fr.pc=0x0000000002f5a0f4
Event: 25.015 Thread 0x00000000028d9800 DEOPT PACKING pc=0x0000000002f5a0f4 sp=0x00000000028bd450
Event: 25.015 Thread 0x00000000028d9800 DEOPT UNPACKING pc=0x0000000002a0567b sp=0x00000000028bd360 mode 2
Event: 25.053 loading class org/openqa/selenium/WebDriver
Event: 25.053 loading class org/openqa/selenium/WebDriver done
Event: 25.053 loading class org/openqa/selenium/support/events/EventFiringWebDriver
Event: 25.053 loading class org/openqa/selenium/support/events/EventFiringWebDriver done
Event: 25.054 loading class java/lang/reflect/Proxy$KeyX
Event: 25.063 loading class java/lang/reflect/Proxy$KeyX done
Event: 25.189 loading class java/util/ArrayList$ListItr


Dynamic libraries:
0x00007ff6263d0000 - 0x00007ff626405000 	C:\Users\ATHIRA\AOT technologies\formflow\Katalon_Studio_Windows_64-8.0.5\Katalon_Studio_Windows_64-8.0.5\jre\bin\javaw.exe
0x00007ffc10590000 - 0x00007ffc10785000 	C:\windows\SYSTEM32\ntdll.dll
0x00007ffc0e740000 - 0x00007ffc0e7fd000 	C:\windows\System32\KERNEL32.DLL
0x00007ffc0e230000 - 0x00007ffc0e4f9000 	C:\windows\System32\KERNELBASE.dll
0x00007ffc0f820000 - 0x00007ffc0f8cc000 	C:\windows\System32\ADVAPI32.dll
0x00007ffc0f780000 - 0x00007ffc0f81e000 	C:\windows\System32\msvcrt.dll
0x00007ffc0e800000 - 0x00007ffc0e89b000 	C:\windows\System32\sechost.dll
0x00007ffc0ef90000 - 0x00007ffc0f0ba000 	C:\windows\System32\RPCRT4.dll
0x00007ffc0f4b0000 - 0x00007ffc0f650000 	C:\windows\System32\USER32.dll
0x00007ffc0de70000 - 0x00007ffc0de92000 	C:\windows\System32\win32u.dll
0x00007ffc10440000 - 0x00007ffc1046a000 	C:\windows\System32\GDI32.dll
0x00007ffc0dcd0000 - 0x00007ffc0dddb000 	C:\windows\System32\gdi32full.dll
0x00007ffc0e030000 - 0x00007ffc0e0cd000 	C:\windows\System32\msvcp_win.dll
0x00007ffc0e500000 - 0x00007ffc0e600000 	C:\windows\System32\ucrtbase.dll
0x00007ffbef970000 - 0x00007ffbefc0a000 	C:\windows\WinSxS\amd64_microsoft.windows.common-controls_6595b64144ccf1df_6.0.19041.1083_none_60bbe31371f34e71\COMCTL32.dll
0x00007ffc0e950000 - 0x00007ffc0e980000 	C:\windows\System32\IMM32.DLL
0x000000005a5c0000 - 0x000000005a692000 	C:\Users\ATHIRA\AOT technologies\formflow\Katalon_Studio_Windows_64-8.0.5\Katalon_Studio_Windows_64-8.0.5\jre\bin\msvcr100.dll
0x000000005a780000 - 0x000000005b045000 	C:\Users\ATHIRA\AOT technologies\formflow\Katalon_Studio_Windows_64-8.0.5\Katalon_Studio_Windows_64-8.0.5\jre\bin\server\jvm.dll
0x00007ffc0f4a0000 - 0x00007ffc0f4a8000 	C:\windows\System32\PSAPI.DLL
0x00007ffbf0b30000 - 0x00007ffbf0b57000 	C:\windows\SYSTEM32\WINMM.dll
0x00007ffc04b90000 - 0x00007ffc04b9a000 	C:\windows\SYSTEM32\VERSION.dll
0x00007ffc0b370000 - 0x00007ffc0b379000 	C:\windows\SYSTEM32\WSOCK32.dll
0x00007ffc0f650000 - 0x00007ffc0f6bb000 	C:\windows\System32\WS2_32.dll
0x00007ffc0b350000 - 0x00007ffc0b35f000 	C:\Users\ATHIRA\AOT technologies\formflow\Katalon_Studio_Windows_64-8.0.5\Katalon_Studio_Windows_64-8.0.5\jre\bin\verify.dll
0x00007ffc08410000 - 0x00007ffc08439000 	C:\Users\ATHIRA\AOT technologies\formflow\Katalon_Studio_Windows_64-8.0.5\Katalon_Studio_Windows_64-8.0.5\jre\bin\java.dll
0x00007ffc09810000 - 0x00007ffc09826000 	C:\Users\ATHIRA\AOT technologies\formflow\Katalon_Studio_Windows_64-8.0.5\Katalon_Studio_Windows_64-8.0.5\jre\bin\zip.dll
0x00007ffc0fa00000 - 0x00007ffc1013f000 	C:\windows\System32\SHELL32.dll
0x00007ffc0bdc0000 - 0x00007ffc0c551000 	C:\windows\SYSTEM32\windows.storage.dll
0x00007ffc0f0c0000 - 0x00007ffc0f415000 	C:\windows\System32\combase.dll
0x00007ffc0d670000 - 0x00007ffc0d69c000 	C:\windows\SYSTEM32\Wldp.dll
0x00007ffc0e8a0000 - 0x00007ffc0e94e000 	C:\windows\System32\SHCORE.dll
0x00007ffc0f6c0000 - 0x00007ffc0f715000 	C:\windows\System32\shlwapi.dll
0x00007ffc0dc10000 - 0x00007ffc0dc2f000 	C:\windows\SYSTEM32\profapi.dll
0x00007ffc083f0000 - 0x00007ffc0840b000 	C:\Users\ATHIRA\AOT technologies\formflow\Katalon_Studio_Windows_64-8.0.5\Katalon_Studio_Windows_64-8.0.5\jre\bin\net.dll
0x00007ffc0d3d0000 - 0x00007ffc0d43a000 	C:\windows\system32\mswsock.dll
0x00007ffc083d0000 - 0x00007ffc083e1000 	C:\Users\ATHIRA\AOT technologies\formflow\Katalon_Studio_Windows_64-8.0.5\Katalon_Studio_Windows_64-8.0.5\jre\bin\nio.dll
0x00007ffc0d0e0000 - 0x00007ffc0d1ac000 	C:\windows\SYSTEM32\DNSAPI.dll
0x00007ffc0d0a0000 - 0x00007ffc0d0db000 	C:\windows\SYSTEM32\IPHLPAPI.DLL
0x00007ffc0ef80000 - 0x00007ffc0ef88000 	C:\windows\System32\NSI.dll
0x00007ffbf6370000 - 0x00007ffbf637a000 	C:\Windows\System32\rasadhlp.dll
0x00007ffbf63c0000 - 0x00007ffbf643f000 	C:\windows\System32\fwpuclnt.dll
0x00007ffc0dea0000 - 0x00007ffc0dec7000 	C:\windows\System32\bcrypt.dll
0x00007ffbf12c0000 - 0x00007ffbf12e4000 	C:\Users\ATHIRA\AOT technologies\formflow\Katalon_Studio_Windows_64-8.0.5\Katalon_Studio_Windows_64-8.0.5\jre\bin\sunec.dll
0x00007ffc07df0000 - 0x00007ffc07dfc000 	C:\Users\ATHIRA\AOT technologies\formflow\Katalon_Studio_Windows_64-8.0.5\Katalon_Studio_Windows_64-8.0.5\jre\bin\sunmscapi.dll
0x00007ffc0e0d0000 - 0x00007ffc0e22f000 	C:\windows\System32\CRYPT32.dll
0x00007ffc0d740000 - 0x00007ffc0d767000 	C:\windows\SYSTEM32\ncrypt.dll
0x00007ffc0d700000 - 0x00007ffc0d73b000 	C:\windows\SYSTEM32\NTASN1.dll
0x00007ffc0d5c0000 - 0x00007ffc0d5d8000 	C:\windows\SYSTEM32\CRYPTSP.dll
0x00007ffc0cd30000 - 0x00007ffc0cd64000 	C:\windows\system32\rsaenh.dll
0x00007ffc0db90000 - 0x00007ffc0dbbe000 	C:\windows\SYSTEM32\USERENV.dll
0x00007ffc0dde0000 - 0x00007ffc0de63000 	C:\windows\System32\bcryptprimitives.dll
0x00007ffc0d5b0000 - 0x00007ffc0d5bc000 	C:\windows\SYSTEM32\CRYPTBASE.dll
0x00007ffc046a0000 - 0x00007ffc046b7000 	C:\windows\SYSTEM32\dhcpcsvc6.DLL
0x00007ffc04680000 - 0x00007ffc0469d000 	C:\windows\SYSTEM32\dhcpcsvc.DLL
0x00007ffbde2f0000 - 0x00007ffbde307000 	C:\windows\system32\napinsp.dll
0x00007ffbce900000 - 0x00007ffbce91b000 	C:\windows\system32\pnrpnsp.dll
0x00007ffc08cb0000 - 0x00007ffc08cc5000 	C:\windows\system32\wshbth.dll
0x00007ffc096c0000 - 0x00007ffc096dd000 	C:\windows\system32\NLAapi.dll
0x00007ffbce8e0000 - 0x00007ffbce8f2000 	C:\windows\System32\winrnr.dll

VM Arguments:
jvm_args: -Dgroovy.home=C:\Users\ATHIRA/.groovy -Djava.system.class.loader=groovy.lang.GroovyClassLoader -Xmx2048m -Dfile.encoding=UTF-8 
java_command: org.codehaus.groovy.tools.GroovyStarter --classpath C:\Users\ATHIRA\Katalon Studio\TestSample\bin\keyword;C:\Users\ATHIRA\Katalon Studio\TestSample\Keywords;C:\Users\ATHIRA\Katalon Studio\TestSample\bin\listener;C:\Users\ATHIRA\Katalon Studio\TestSample\Test Listeners;C:\Users\ATHIRA\Katalon Studio\TestSample\bin\lib;C:\Users\ATHIRA\Katalon Studio\TestSample\Libs;C:\Users\ATHIRA\Katalon Studio\TestSample\bin\groovy;C:\Users\ATHIRA\Katalon Studio\TestSample\Include\scripts\groovy;C:\Users\ATHIRA\AOT technologies\formflow\Katalon_Studio_Windows_64-8.0.5\Katalon_Studio_Windows_64-8.0.5\plugins\com.kms.katalon.core_1.0.0.202106150524.jar;C:\Users\ATHIRA\AOT technologies\formflow\Katalon_Studio_Windows_64-8.0.5\Katalon_Studio_Windows_64-8.0.5\configuration\resources\lib\aalto-xml-1.0.0.jar;C:\Users\ATHIRA\AOT technologies\formflow\Katalon_Studio_Windows_64-8.0.5\Katalon_Studio_Windows_64-8.0.5\configuration\resources\lib\aspectjweaver-1.9.1.jar;C:\Users\ATHIRA\AOT technologies\formflow\Katalon_Studio_Windows_64-8.0.5\Katalon_Studio_Windows_64-8.0.5\configuration\resources\lib\bcpkix-jdk15on-1.64.jar;C:\Users\ATHIRA\AOT technologies\formflow\Katalon_Studio_Windows_64-8.0.5\Katalon_Studio_Windows_64-8.0.5\configuration\resources\lib\bcprov-jdk15on-1.64.jar;C:\Users\ATHIRA\AOT technologies\formflow\Katalon_Studio_Windows_64-8.0.5\Katalon_Studio_Windows_64-8.0.5\configuration\resources\lib\browsermob-core-2.1.5.jar;C:\Users\ATHIRA\AOT technologies\formflow\Katalon_Studio_Windows_64-8.0.5\Katalon_Studio_Windows_64-8.0.5\configuration\resources\lib\cglib-3.2.10.jar;C:\Users\ATHIRA\AOT technologies\formflow\Katalon_Studio_Windows_64-8.0.5\Katalon_Studio_Windows_64-8.0.5\configuration\resources\lib\commons-codec-1.10.jar;C:\Users\ATHIRA\AOT technologies\formflow\Katalon_Studio_Windows_64-8.0.5\Katalon_Studio_Windows_64-8.0.5\configuration\resources\lib\commons-collections4-4.1.jar;C:\Users\ATHIRA\AOT technologies\formflow\Katalon_Studio_Windows_64-8.0.5\Katalon_S
java_class_path (initial): C:\Users\ATHIRA\Katalon Studio\TestSample\bin\keyword;C:\Users\ATHIRA\Katalon Studio\TestSample\bin\listener;C:\Users\ATHIRA\Katalon Studio\TestSample\bin\lib;C:\Users\ATHIRA\Katalon Studio\TestSample\bin\groovy;C:\Users\ATHIRA\Katalon Studio\TestSample\bin;C:\Users\ATHIRA\AOT technologies\formflow\Katalon_Studio_Windows_64-8.0.5\Katalon_Studio_Windows_64-8.0.5\plugins\com.kms.katalon.core_1.0.0.202106150524.jar;C:\Users\ATHIRA\AOT technologies\formflow\Katalon_Studio_Windows_64-8.0.5\Katalon_Studio_Windows_64-8.0.5\configuration\resources\lib\aalto-xml-1.0.0.jar;C:\Users\ATHIRA\AOT technologies\formflow\Katalon_Studio_Windows_64-8.0.5\Katalon_Studio_Windows_64-8.0.5\configuration\resources\lib\aspectjweaver-1.9.1.jar;C:\Users\ATHIRA\AOT technologies\formflow\Katalon_Studio_Windows_64-8.0.5\Katalon_Studio_Windows_64-8.0.5\configuration\resources\lib\bcpkix-jdk15on-1.64.jar;C:\Users\ATHIRA\AOT technologies\formflow\Katalon_Studio_Windows_64-8.0.5\Katalon_Studio_Windows_64-8.0.5\configuration\resources\lib\bcprov-jdk15on-1.64.jar;C:\Users\ATHIRA\AOT technologies\formflow\Katalon_Studio_Windows_64-8.0.5\Katalon_Studio_Windows_64-8.0.5\configuration\resources\lib\browsermob-core-2.1.5.jar;C:\Users\ATHIRA\AOT technologies\formflow\Katalon_Studio_Windows_64-8.0.5\Katalon_Studio_Windows_64-8.0.5\configuration\resources\lib\cglib-3.2.10.jar;C:\Users\ATHIRA\AOT technologies\formflow\Katalon_Studio_Windows_64-8.0.5\Katalon_Studio_Windows_64-8.0.5\configuration\resources\lib\commons-codec-1.10.jar;C:\Users\ATHIRA\AOT technologies\formflow\Katalon_Studio_Windows_64-8.0.5\Katalon_Studio_Windows_64-8.0.5\configuration\resources\lib\commons-collections4-4.1.jar;C:\Users\ATHIRA\AOT technologies\formflow\Katalon_Studio_Windows_64-8.0.5\Katalon_Studio_Windows_64-8.0.5\configuration\resources\lib\commons-validator-1.6.jar;C:\Users\ATHIRA\AOT technologies\formflow\Katalon_Studio_Windows_64-8.0.5\Katalon_Studio_Windows_64-8.0.5\configuration\resources\lib\cu
Launcher Type: SUN_STANDARD

Environment Variables:
PATH=C:/Users/ATHIRA/AOT technologies/formflow/Katalon_Studio_Windows_64-8.0.5/Katalon_Studio_Windows_64-8.0.5/jre/bin/server;C:/Users/ATHIRA/AOT technologies/formflow/Katalon_Studio_Windows_64-8.0.5/Katalon_Studio_Windows_64-8.0.5/jre/bin;C:/Users/ATHIRA/AOT technologies/formflow/Katalon_Studio_Windows_64-8.0.5/Katalon_Studio_Windows_64-8.0.5/jre/lib/amd64;C:\Program Files (x86)\Common Files\Oracle\Java\javapath;C:\Users\ATHIRA\AOT technologies\formflow\jdk-16.0.1_windows-x64_bin\jdk-16.0.1\bin;C:\WINDOWS\system32;C:\Users\ATHIRA\AOT technologies\formflow\apache-jmeter-5.4.1\apache-jmeter-5.4.1\bin;C:\Users\ATHIRA\AppData\Local\Microsoft\WindowsApps;;C:\Users\ATHIRA\AOT technologies\formflow\Katalon_Studio_Windows_64-8.0.5\Katalon_Studio_Windows_64-8.0.5;
USERNAME=ATHIRA
OS=Windows_NT
PROCESSOR_IDENTIFIER=Intel64 Family 6 Model 142 Stepping 12, GenuineIntel



---------------  S Y S T E M  ---------------

OS: Windows 10.0 , 64 bit Build 19041 (10.0.19041.1023)
HyperV virtualization detected

CPU:total 4 (initial active 4) (2 cores per cpu, 2 threads per core) family 6 model 142 stepping 12, cmov, cx8, fxsr, mmx, sse, sse2, sse3, ssse3, sse4.1, sse4.2, popcnt, avx, avx2, aes, clmul, erms, 3dnowpref, lzcnt, ht, tsc, tscinvbit, bmi1, bmi2, adx

Memory: 4k page, physical 3977204k(212272k free), swap 16035828k(3644k free)

vm_info: OpenJDK 64-Bit Server VM (25.282-b08) for windows-amd64 JRE (Zulu 8.52.0.23-CA-win64) (1.8.0_282-b08), built on Jan 12 2021 07:45:49 by "tester" with MS VC++ 10.0 (VS2010)

time: Mon Jul 19 19:49:18 2021
timezone: Arabian Standard Time
elapsed time: 25.303018 seconds (0d 0h 0m 25s)

