#
# There is insufficient memory for the Java Runtime Environment to continue.
# Native memory allocation (malloc) failed to allocate 65552 bytes for Chunk::new
# Possible reasons:
#   The system is out of physical RAM or swap space
#   The process is running with CompressedOops enabled, and the Java Heap may be blocking the growth of the native heap
# Possible solutions:
#   Reduce memory load on the system
#   Increase physical memory or swap space
#   Check if swap backing store is full
#   Decrease Java heap size (-Xmx/-Xms)
#   Decrease number of Java threads
#   Decrease Java thread stack sizes (-Xss)
#   Set larger code cache with -XX:ReservedCodeCacheSize=
#   JVM is running with Unscaled Compressed Oops mode in which the Java heap is
#     placed in the first 4GB address space. The Java Heap base address is the
#     maximum limit for the native heap growth. Please use -XX:HeapBaseMinAddress
#     to set the Java Heap base and to place the Java Heap above 4GB virtual address.
# This output file may be truncated or incomplete.
#
#  Out of Memory Error (allocation.cpp:389), pid=4216, tid=0x0000000000002ca0
#
# JRE version: OpenJDK Runtime Environment (Zulu 8.52.0.23-CA-win64) (8.0_282-b08) (build 1.8.0_282-b08)
# Java VM: OpenJDK 64-Bit Server VM (25.282-b08 mixed mode windows-amd64 compressed oops)
# Failed to write core dump. Minidumps are not enabled by default on client versions of Windows
#

---------------  T H R E A D  ---------------

Current thread (0x00000000196de800):  JavaThread "C2 CompilerThread1" daemon [_thread_in_native, id=11424, stack(0x0000000019a80000,0x0000000019b80000)]

Stack: [0x0000000019a80000,0x0000000019b80000]
[error occurred during error reporting (printing stack bounds), id 0xc0000005]

Native frames: (J=compiled Java code, j=interpreted, Vv=VM code, C=native code)


Current CompileTask:
C2:  14143 2074  s    4       sun.misc.URLClassPath::getNextLoader (88 bytes)


---------------  P R O C E S S  ---------------

Java Threads: ( => current thread )
  0x0000000019713000 JavaThread "Service Thread" daemon [_thread_blocked, id=15256, stack(0x000000001a480000,0x000000001a580000)]
  0x00000000196e0800 JavaThread "C1 CompilerThread2" daemon [_thread_blocked, id=20204, stack(0x0000000019b80000,0x0000000019c80000)]
=>0x00000000196de800 JavaThread "C2 CompilerThread1" daemon [_thread_in_native, id=11424, stack(0x0000000019a80000,0x0000000019b80000)]
  0x00000000196dd800 JavaThread "C2 CompilerThread0" daemon [_thread_in_native, id=21184, stack(0x0000000019980000,0x0000000019a80000)]
  0x00000000196cc000 JavaThread "Attach Listener" daemon [_thread_blocked, id=6496, stack(0x0000000019880000,0x0000000019980000)]
  0x000000001965d800 JavaThread "Signal Dispatcher" daemon [_thread_blocked, id=16664, stack(0x0000000019780000,0x0000000019880000)]
  0x0000000017f2e800 JavaThread "Finalizer" daemon [_thread_blocked, id=16364, stack(0x0000000019180000,0x0000000019280000)]
  0x0000000017f26800 JavaThread "Reference Handler" daemon [_thread_blocked, id=21032, stack(0x0000000019080000,0x0000000019180000)]
  0x0000000003229800 JavaThread "main" [_thread_in_Java, id=5700, stack(0x0000000003010000,0x0000000003110000)]

Other Threads:
  0x0000000017efc000 VMThread [stack: 0x0000000018f80000,0x0000000019080000] [id=20680]
  0x000000001977e800 WatcherThread [stack: 0x000000001a580000,0x000000001a680000] [id=19920]

VM state:not at safepoint (normal execution)

VM Mutex/Monitor currently owned by a thread: None

heap address: 0x0000000080000000, size: 2048 MB, Compressed Oops mode: 32-bit
Narrow klass base: 0x0000000000000000, Narrow klass shift: 3
Compressed class space size: 1073741824 Address: 0x0000000100000000

Heap:
 PSYoungGen      total 132608K, used 54890K [0x00000000d5580000, 0x00000000e5980000, 0x0000000100000000)
  eden space 125440K, 43% used [0x00000000d5580000,0x00000000d8b1a8e8,0x00000000dd000000)
  from space 7168K, 0% used [0x00000000dd000000,0x00000000dd000000,0x00000000dd700000)
  to   space 7680K, 0% used [0x00000000e5200000,0x00000000e5200000,0x00000000e5980000)
 ParOldGen       total 36864K, used 9538K [0x0000000080000000, 0x0000000082400000, 0x00000000d5580000)
  object space 36864K, 25% used [0x0000000080000000,0x0000000080950920,0x0000000082400000)
 Metaspace       used 22010K, capacity 22340K, committed 22448K, reserved 1069056K
  class space    used 2434K, capacity 2544K, committed 2560K, reserved 1048576K

Card table byte_map: [0x00000000126d0000,0x0000000012ae0000] byte_map_base: 0x00000000122d0000

Marking Bits: (ParMarkBitMap*) 0x000000005afc1f00
 Begin Bits: [0x0000000013190000, 0x0000000015190000)
 End Bits:   [0x0000000015190000, 0x0000000017190000)

Polling page: 0x0000000002eb0000

CodeCache: size=245760Kb used=9209Kb max_used=9209Kb free=236551Kb
 bounds [0x0000000003310000, 0x0000000003c20000, 0x0000000012310000]
 total_blobs=2721 nmethods=2082 adapters=550
 compilation: enabled

Compilation events (10 events):
Event: 14.114 Thread 0x00000000196e0800 2082       3       groovyjarjarantlr.collections.impl.ASTArray::<init> (18 bytes)
Event: 14.115 Thread 0x00000000196e0800 nmethod 2082 0x0000000003c0ec10 code [0x0000000003c0ed80, 0x0000000003c0efd0]
Event: 14.115 Thread 0x00000000196e0800 2084       3       groovyjarjarantlr.ASTFactory::make (130 bytes)
Event: 14.115 Thread 0x00000000196e0800 nmethod 2084 0x0000000003c0f090 code [0x0000000003c0f280, 0x0000000003c0ff90]
Event: 14.115 Thread 0x00000000196e0800 2083       3       groovyjarjarantlr.ASTFactory::make (9 bytes)
Event: 14.116 Thread 0x00000000196e0800 nmethod 2083 0x0000000003c103d0 code [0x0000000003c10540, 0x0000000003c106c8]
Event: 14.116 Thread 0x00000000196e0800 2085       3       groovyjarjarantlr.CharScanner::testLiteralsTable (47 bytes)
Event: 14.116 Thread 0x00000000196e0800 nmethod 2085 0x0000000003c10790 code [0x0000000003c10920, 0x0000000003c10ee8]
Event: 14.122 Thread 0x00000000196e0800 2086       3       org.codehaus.groovy.antlr.parser.GroovyLexer::mSTRING_CH (77 bytes)
Event: 14.123 Thread 0x00000000196e0800 nmethod 2086 0x0000000003c11090 code [0x0000000003c11280, 0x0000000003c11c38]

GC Heap History (10 events):
Event: 6.706 GC heap before
{Heap before GC invocations=4 (full 0):
 PSYoungGen      total 34304K, used 34278K [0x00000000d5580000, 0x00000000d9880000, 0x0000000100000000)
  eden space 31744K, 100% used [0x00000000d5580000,0x00000000d7480000,0x00000000d7480000)
  from space 2560K, 98% used [0x00000000d7480000,0x00000000d76f98f0,0x00000000d7700000)
  to   space 2560K, 0% used [0x00000000d9600000,0x00000000d9600000,0x00000000d9880000)
 ParOldGen       total 42496K, used 2830K [0x0000000080000000, 0x0000000082980000, 0x00000000d5580000)
  object space 42496K, 6% used [0x0000000080000000,0x00000000802c3848,0x0000000082980000)
 Metaspace       used 10534K, capacity 10710K, committed 11008K, reserved 1058816K
  class space    used 1149K, capacity 1209K, committed 1280K, reserved 1048576K
Event: 6.716 GC heap after
Heap after GC invocations=4 (full 0):
 PSYoungGen      total 66048K, used 2548K [0x00000000d5580000, 0x00000000d9880000, 0x0000000100000000)
  eden space 63488K, 0% used [0x00000000d5580000,0x00000000d5580000,0x00000000d9380000)
  from space 2560K, 99% used [0x00000000d9600000,0x00000000d987d0b0,0x00000000d9880000)
  to   space 2560K, 0% used [0x00000000d9380000,0x00000000d9380000,0x00000000d9600000)
 ParOldGen       total 42496K, used 4507K [0x0000000080000000, 0x0000000082980000, 0x00000000d5580000)
  object space 42496K, 10% used [0x0000000080000000,0x0000000080466d88,0x0000000082980000)
 Metaspace       used 10534K, capacity 10710K, committed 11008K, reserved 1058816K
  class space    used 1149K, capacity 1209K, committed 1280K, reserved 1048576K
}
Event: 7.984 GC heap before
{Heap before GC invocations=5 (full 0):
 PSYoungGen      total 66048K, used 66036K [0x00000000d5580000, 0x00000000d9880000, 0x0000000100000000)
  eden space 63488K, 100% used [0x00000000d5580000,0x00000000d9380000,0x00000000d9380000)
  from space 2560K, 99% used [0x00000000d9600000,0x00000000d987d0b0,0x00000000d9880000)
  to   space 2560K, 0% used [0x00000000d9380000,0x00000000d9380000,0x00000000d9600000)
 ParOldGen       total 42496K, used 4507K [0x0000000080000000, 0x0000000082980000, 0x00000000d5580000)
  object space 42496K, 10% used [0x0000000080000000,0x0000000080466d88,0x0000000082980000)
 Metaspace       used 12745K, capacity 12946K, committed 13184K, reserved 1060864K
  class space    used 1303K, capacity 1376K, committed 1408K, reserved 1048576K
Event: 7.999 GC heap after
Heap after GC invocations=5 (full 0):
 PSYoungGen      total 66048K, used 2560K [0x00000000d5580000, 0x00000000ddc80000, 0x0000000100000000)
  eden space 63488K, 0% used [0x00000000d5580000,0x00000000d5580000,0x00000000d9380000)
  from space 2560K, 100% used [0x00000000d9380000,0x00000000d9600000,0x00000000d9600000)
  to   space 5632K, 0% used [0x00000000dd700000,0x00000000dd700000,0x00000000ddc80000)
 ParOldGen       total 42496K, used 6394K [0x0000000080000000, 0x0000000082980000, 0x00000000d5580000)
  object space 42496K, 15% used [0x0000000080000000,0x000000008063e8c8,0x0000000082980000)
 Metaspace       used 12745K, capacity 12946K, committed 13184K, reserved 1060864K
  class space    used 1303K, capacity 1376K, committed 1408K, reserved 1048576K
}
Event: 9.907 GC heap before
{Heap before GC invocations=6 (full 0):
 PSYoungGen      total 66048K, used 66048K [0x00000000d5580000, 0x00000000ddc80000, 0x0000000100000000)
  eden space 63488K, 100% used [0x00000000d5580000,0x00000000d9380000,0x00000000d9380000)
  from space 2560K, 100% used [0x00000000d9380000,0x00000000d9600000,0x00000000d9600000)
  to   space 5632K, 0% used [0x00000000dd700000,0x00000000dd700000,0x00000000ddc80000)
 ParOldGen       total 42496K, used 6394K [0x0000000080000000, 0x0000000082980000, 0x00000000d5580000)
  object space 42496K, 15% used [0x0000000080000000,0x000000008063e8c8,0x0000000082980000)
 Metaspace       used 18155K, capacity 18406K, committed 18816K, reserved 1067008K
  class space    used 1962K, capacity 2070K, committed 2176K, reserved 1048576K
Event: 9.928 GC heap after
Heap after GC invocations=6 (full 0):
 PSYoungGen      total 131072K, used 5610K [0x00000000d5580000, 0x00000000ddf80000, 0x0000000100000000)
  eden space 125440K, 0% used [0x00000000d5580000,0x00000000d5580000,0x00000000dd000000)
  from space 5632K, 99% used [0x00000000dd700000,0x00000000ddc7a8a0,0x00000000ddc80000)
  to   space 7168K, 0% used [0x00000000dd000000,0x00000000dd000000,0x00000000dd700000)
 ParOldGen       total 42496K, used 7919K [0x0000000080000000, 0x0000000082980000, 0x00000000d5580000)
  object space 42496K, 18% used [0x0000000080000000,0x00000000807bbf70,0x0000000082980000)
 Metaspace       used 18155K, capacity 18406K, committed 18816K, reserved 1067008K
  class space    used 1962K, capacity 2070K, committed 2176K, reserved 1048576K
}
Event: 11.873 GC heap before
{Heap before GC invocations=7 (full 0):
 PSYoungGen      total 131072K, used 50537K [0x00000000d5580000, 0x00000000ddf80000, 0x0000000100000000)
  eden space 125440K, 35% used [0x00000000d5580000,0x00000000d815fe60,0x00000000dd000000)
  from space 5632K, 99% used [0x00000000dd700000,0x00000000ddc7a8a0,0x00000000ddc80000)
  to   space 7168K, 0% used [0x00000000dd000000,0x00000000dd000000,0x00000000dd700000)
 ParOldGen       total 42496K, used 7919K [0x0000000080000000, 0x0000000082980000, 0x00000000d5580000)
  object space 42496K, 18% used [0x0000000080000000,0x00000000807bbf70,0x0000000082980000)
 Metaspace       used 20849K, capacity 21136K, committed 21296K, reserved 1069056K
  class space    used 2300K, capacity 2425K, committed 2432K, reserved 1048576K
Event: 11.965 GC heap after
Heap after GC invocations=7 (full 0):
 PSYoungGen      total 132608K, used 6369K [0x00000000d5580000, 0x00000000e5980000, 0x0000000100000000)
  eden space 125440K, 0% used [0x00000000d5580000,0x00000000d5580000,0x00000000dd000000)
  from space 7168K, 88% used [0x00000000dd000000,0x00000000dd638498,0x00000000dd700000)
  to   space 7680K, 0% used [0x00000000e5200000,0x00000000e5200000,0x00000000e5980000)
 ParOldGen       total 42496K, used 8975K [0x0000000080000000, 0x0000000082980000, 0x00000000d5580000)
  object space 42496K, 21% used [0x0000000080000000,0x00000000808c3cd0,0x0000000082980000)
 Metaspace       used 20849K, capacity 21136K, committed 21296K, reserved 1069056K
  class space    used 2300K, capacity 2425K, committed 2432K, reserved 1048576K
}
Event: 11.966 GC heap before
{Heap before GC invocations=8 (full 1):
 PSYoungGen      total 132608K, used 6369K [0x00000000d5580000, 0x00000000e5980000, 0x0000000100000000)
  eden space 125440K, 0% used [0x00000000d5580000,0x00000000d5580000,0x00000000dd000000)
  from space 7168K, 88% used [0x00000000dd000000,0x00000000dd638498,0x00000000dd700000)
  to   space 7680K, 0% used [0x00000000e5200000,0x00000000e5200000,0x00000000e5980000)
 ParOldGen       total 42496K, used 8975K [0x0000000080000000, 0x0000000082980000, 0x00000000d5580000)
  object space 42496K, 21% used [0x0000000080000000,0x00000000808c3cd0,0x0000000082980000)
 Metaspace       used 20849K, capacity 21136K, committed 21296K, reserved 1069056K
  class space    used 2300K, capacity 2425K, committed 2432K, reserved 1048576K
Event: 12.252 GC heap after
Heap after GC invocations=8 (full 1):
 PSYoungGen      total 132608K, used 0K [0x00000000d5580000, 0x00000000e5980000, 0x0000000100000000)
  eden space 125440K, 0% used [0x00000000d5580000,0x00000000d5580000,0x00000000dd000000)
  from space 7168K, 0% used [0x00000000dd000000,0x00000000dd000000,0x00000000dd700000)
  to   space 7680K, 0% used [0x00000000e5200000,0x00000000e5200000,0x00000000e5980000)
 ParOldGen       total 36864K, used 9538K [0x0000000080000000, 0x0000000082400000, 0x00000000d5580000)
  object space 36864K, 25% used [0x0000000080000000,0x0000000080950920,0x0000000082400000)
 Metaspace       used 20849K, capacity 21136K, committed 21296K, reserved 1069056K
  class space    used 2300K, capacity 2425K, committed 2432K, reserved 1048576K
}

Deoptimization events (10 events):
Event: 11.628 Thread 0x0000000003229800 Uncommon trap: reason=unstable_if action=reinterpret pc=0x000000000377507c method=java.util.HashMap.getNode(ILjava/lang/Object;)Ljava/util/HashMap$Node; @ 129
Event: 11.628 Thread 0x0000000003229800 Uncommon trap: reason=bimorphic action=maybe_recompile pc=0x0000000003927170 method=java.util.HashMap.putVal(ILjava/lang/Object;Ljava/lang/Object;ZZ)Ljava/lang/Object; @ 203
Event: 11.817 Thread 0x0000000003229800 Uncommon trap: reason=predicate action=maybe_recompile pc=0x0000000003a5009c method=java.lang.String.regionMatches(ZILjava/lang/String;II)Z @ 63
Event: 12.573 Thread 0x0000000003229800 Uncommon trap: reason=unstable_if action=reinterpret pc=0x00000000034eef58 method=java.io.WinNTFileSystem.normalize(Ljava/lang/String;II)Ljava/lang/String; @ 8
Event: 12.962 Thread 0x0000000003229800 Uncommon trap: reason=predicate action=maybe_recompile pc=0x00000000036dc660 method=groovyjarjarantlr.InputBuffer.syncConsume()V @ 7
Event: 12.962 Thread 0x0000000003229800 Uncommon trap: reason=predicate action=maybe_recompile pc=0x00000000036dbf14 method=groovyjarjarantlr.InputBuffer.syncConsume()V @ 7
Event: 12.962 Thread 0x0000000003229800 Uncommon trap: reason=predicate action=maybe_recompile pc=0x00000000036df434 method=groovyjarjarantlr.InputBuffer.syncConsume()V @ 7
Event: 13.269 Thread 0x0000000003229800 Uncommon trap: reason=unstable_if action=reinterpret pc=0x0000000003b9e790 method=groovy.lang.MetaClassImpl.checkIfStdMethod(Lgroovy/lang/MetaMethod;)V @ 31
Event: 13.271 Thread 0x0000000003229800 Uncommon trap: reason=unstable_if action=reinterpret pc=0x0000000003ba6ee8 method=groovy.lang.MetaClassImpl.checkIfStdMethod(Lgroovy/lang/MetaMethod;)V @ 31
Event: 13.391 Thread 0x0000000003229800 Uncommon trap: reason=unstable_if action=reinterpret pc=0x0000000003a52e18 method=java.lang.Class$MethodArray.addIfNotPresent(Ljava/lang/reflect/Method;)V @ 19

Classes redefined (0 events):
No events

Internal exceptions (10 events):
Event: 13.483 Thread 0x0000000003229800 Exception <a 'java/lang/ClassNotFoundException': org/codehaus/groovy/ast/stmt/StatementCustomizer> (0x00000000d7d0d088) thrown at [C:\jenkins\workspace\zulu8-silver-build-win64\zulu-src\hotspot\src\share\vm\classfile\systemDictionary.cpp, line 220]
Event: 13.490 Thread 0x0000000003229800 Exception <a 'java/lang/ClassNotFoundException': org/codehaus/groovy/ast/stmt/BlockStatementCustomizer> (0x00000000d7dcce08) thrown at [C:\jenkins\workspace\zulu8-silver-build-win64\zulu-src\hotspot\src\share\vm\classfile\systemDictionary.cpp, line 220]
Event: 13.512 Thread 0x0000000003229800 Exception <a 'java/lang/ClassNotFoundException': java/util/LinkedListBeanInfo> (0x00000000d7ee5dd8) thrown at [C:\jenkins\workspace\zulu8-silver-build-win64\zulu-src\hotspot\src\share\vm\classfile\systemDictionary.cpp, line 220]
Event: 13.514 Thread 0x0000000003229800 Exception <a 'java/lang/ClassNotFoundException': java/util/AbstractSequentialListBeanInfo> (0x00000000d7f33770) thrown at [C:\jenkins\workspace\zulu8-silver-build-win64\zulu-src\hotspot\src\share\vm\classfile\systemDictionary.cpp, line 220]
Event: 13.520 Thread 0x0000000003229800 Exception <a 'java/lang/ClassNotFoundException': java/util/AbstractSequentialListCustomizer> (0x00000000d7f83908) thrown at [C:\jenkins\workspace\zulu8-silver-build-win64\zulu-src\hotspot\src\share\vm\classfile\systemDictionary.cpp, line 220]
Event: 13.524 Thread 0x0000000003229800 Exception <a 'java/lang/ClassNotFoundException': java/util/LinkedListCustomizer> (0x00000000d7fd49f0) thrown at [C:\jenkins\workspace\zulu8-silver-build-win64\zulu-src\hotspot\src\share\vm\classfile\systemDictionary.cpp, line 220]
Event: 13.546 Thread 0x0000000003229800 Exception <a 'java/lang/ClassNotFoundException': org/codehaus/groovy/ast/ClassNodeBeanInfo> (0x00000000d80f0b10) thrown at [C:\jenkins\workspace\zulu8-silver-build-win64\zulu-src\hotspot\src\share\vm\classfile\systemDictionary.cpp, line 220]
Event: 13.549 Thread 0x0000000003229800 Exception <a 'java/lang/ClassNotFoundException': org/codehaus/groovy/ast/AnnotatedNodeBeanInfo> (0x00000000d819aa40) thrown at [C:\jenkins\workspace\zulu8-silver-build-win64\zulu-src\hotspot\src\share\vm\classfile\systemDictionary.cpp, line 220]
Event: 13.555 Thread 0x0000000003229800 Exception <a 'java/lang/ClassNotFoundException': org/codehaus/groovy/ast/AnnotatedNodeCustomizer> (0x00000000d82477f8) thrown at [C:\jenkins\workspace\zulu8-silver-build-win64\zulu-src\hotspot\src\share\vm\classfile\systemDictionary.cpp, line 220]
Event: 13.559 Thread 0x0000000003229800 Exception <a 'java/lang/ClassNotFoundException': org/codehaus/groovy/ast/ClassNodeCustomizer> (0x00000000d82fee20) thrown at [C:\jenkins\workspace\zulu8-silver-build-win64\zulu-src\hotspot\src\share\vm\classfile\systemDictionary.cpp, line 220]

Events (10 events):
Event: 14.012 loading class org/apache/xerces/impl/msg/SAXMessages_en
Event: 14.012 loading class org/apache/xerces/impl/msg/SAXMessages_en done
Event: 14.014 loading class org/apache/xerces/impl/msg/SAXMessages_en_US
Event: 14.014 loading class org/apache/xerces/impl/msg/SAXMessages_en_US done
Event: 14.016 loading class java/text/MessageFormat
Event: 14.023 loading class java/text/MessageFormat done
Event: 14.023 loading class java/text/MessageFormat$Field
Event: 14.023 loading class java/text/MessageFormat$Field done
Event: 14.073 Executing VM operation: Deoptimize
Event: 14.073 Executing VM operation: Deoptimize done


Dynamic libraries:
0x00007ff6263d0000 - 0x00007ff626405000 	C:\Users\ATHIRA\AOT technologies\formflow\Katalon_Studio_Windows_64-8.0.5\Katalon_Studio_Windows_64-8.0.5\jre\bin\javaw.exe
0x00007ffc10590000 - 0x00007ffc10785000 	C:\windows\SYSTEM32\ntdll.dll
0x00007ffc0e740000 - 0x00007ffc0e7fd000 	C:\windows\System32\KERNEL32.DLL
0x00007ffc0e230000 - 0x00007ffc0e4f9000 	C:\windows\System32\KERNELBASE.dll
0x00007ffc0f820000 - 0x00007ffc0f8cc000 	C:\windows\System32\ADVAPI32.dll
0x00007ffc0f780000 - 0x00007ffc0f81e000 	C:\windows\System32\msvcrt.dll
0x00007ffc0e800000 - 0x00007ffc0e89b000 	C:\windows\System32\sechost.dll
0x00007ffc0ef90000 - 0x00007ffc0f0ba000 	C:\windows\System32\RPCRT4.dll
0x00007ffc0f4b0000 - 0x00007ffc0f650000 	C:\windows\System32\USER32.dll
0x00007ffc0de70000 - 0x00007ffc0de92000 	C:\windows\System32\win32u.dll
0x00007ffc10440000 - 0x00007ffc1046a000 	C:\windows\System32\GDI32.dll
0x00007ffc0dcd0000 - 0x00007ffc0dddb000 	C:\windows\System32\gdi32full.dll
0x00007ffc0e030000 - 0x00007ffc0e0cd000 	C:\windows\System32\msvcp_win.dll
0x00007ffc0e500000 - 0x00007ffc0e600000 	C:\windows\System32\ucrtbase.dll
0x00007ffbef970000 - 0x00007ffbefc0a000 	C:\windows\WinSxS\amd64_microsoft.windows.common-controls_6595b64144ccf1df_6.0.19041.1083_none_60bbe31371f34e71\COMCTL32.dll
0x00007ffc0e950000 - 0x00007ffc0e980000 	C:\windows\System32\IMM32.DLL
0x000000005a5c0000 - 0x000000005a692000 	C:\Users\ATHIRA\AOT technologies\formflow\Katalon_Studio_Windows_64-8.0.5\Katalon_Studio_Windows_64-8.0.5\jre\bin\msvcr100.dll
0x000000005a780000 - 0x000000005b045000 	C:\Users\ATHIRA\AOT technologies\formflow\Katalon_Studio_Windows_64-8.0.5\Katalon_Studio_Windows_64-8.0.5\jre\bin\server\jvm.dll
0x00007ffc0f4a0000 - 0x00007ffc0f4a8000 	C:\windows\System32\PSAPI.DLL
0x00007ffc0b370000 - 0x00007ffc0b379000 	C:\windows\SYSTEM32\WSOCK32.dll
0x00007ffc0f650000 - 0x00007ffc0f6bb000 	C:\windows\System32\WS2_32.dll
0x00007ffbf0b30000 - 0x00007ffbf0b57000 	C:\windows\SYSTEM32\WINMM.dll
0x00007ffc04b90000 - 0x00007ffc04b9a000 	C:\windows\SYSTEM32\VERSION.dll
0x00007ffc0b350000 - 0x00007ffc0b35f000 	C:\Users\ATHIRA\AOT technologies\formflow\Katalon_Studio_Windows_64-8.0.5\Katalon_Studio_Windows_64-8.0.5\jre\bin\verify.dll
0x00007ffc08410000 - 0x00007ffc08439000 	C:\Users\ATHIRA\AOT technologies\formflow\Katalon_Studio_Windows_64-8.0.5\Katalon_Studio_Windows_64-8.0.5\jre\bin\java.dll
0x00007ffc09810000 - 0x00007ffc09826000 	C:\Users\ATHIRA\AOT technologies\formflow\Katalon_Studio_Windows_64-8.0.5\Katalon_Studio_Windows_64-8.0.5\jre\bin\zip.dll
0x00007ffc0fa00000 - 0x00007ffc1013f000 	C:\windows\System32\SHELL32.dll
0x00007ffc0bdc0000 - 0x00007ffc0c551000 	C:\windows\SYSTEM32\windows.storage.dll
0x00007ffc0f0c0000 - 0x00007ffc0f415000 	C:\windows\System32\combase.dll
0x00007ffc0d670000 - 0x00007ffc0d69c000 	C:\windows\SYSTEM32\Wldp.dll
0x00007ffc0e8a0000 - 0x00007ffc0e94e000 	C:\windows\System32\SHCORE.dll
0x00007ffc0f6c0000 - 0x00007ffc0f715000 	C:\windows\System32\shlwapi.dll
0x00007ffc0dc10000 - 0x00007ffc0dc2f000 	C:\windows\SYSTEM32\profapi.dll
0x00007ffc083f0000 - 0x00007ffc0840b000 	C:\Users\ATHIRA\AOT technologies\formflow\Katalon_Studio_Windows_64-8.0.5\Katalon_Studio_Windows_64-8.0.5\jre\bin\net.dll
0x00007ffc0d3d0000 - 0x00007ffc0d43a000 	C:\windows\system32\mswsock.dll
0x00007ffc083d0000 - 0x00007ffc083e1000 	C:\Users\ATHIRA\AOT technologies\formflow\Katalon_Studio_Windows_64-8.0.5\Katalon_Studio_Windows_64-8.0.5\jre\bin\nio.dll

VM Arguments:
jvm_args: -Dgroovy.home=C:\Users\ATHIRA/.groovy -Djava.system.class.loader=groovy.lang.GroovyClassLoader -Xmx2048m -Dfile.encoding=UTF-8 
java_command: org.codehaus.groovy.tools.GroovyStarter --classpath C:\Users\ATHIRA\Katalon Studio\TestSample\bin\keyword;C:\Users\ATHIRA\Katalon Studio\TestSample\Keywords;C:\Users\ATHIRA\Katalon Studio\TestSample\bin\listener;C:\Users\ATHIRA\Katalon Studio\TestSample\Test Listeners;C:\Users\ATHIRA\Katalon Studio\TestSample\bin\lib;C:\Users\ATHIRA\Katalon Studio\TestSample\Libs;C:\Users\ATHIRA\Katalon Studio\TestSample\bin\groovy;C:\Users\ATHIRA\Katalon Studio\TestSample\Include\scripts\groovy;C:\Users\ATHIRA\AOT technologies\formflow\Katalon_Studio_Windows_64-8.0.5\Katalon_Studio_Windows_64-8.0.5\plugins\com.kms.katalon.core_1.0.0.202106150524.jar;C:\Users\ATHIRA\AOT technologies\formflow\Katalon_Studio_Windows_64-8.0.5\Katalon_Studio_Windows_64-8.0.5\configuration\resources\lib\aalto-xml-1.0.0.jar;C:\Users\ATHIRA\AOT technologies\formflow\Katalon_Studio_Windows_64-8.0.5\Katalon_Studio_Windows_64-8.0.5\configuration\resources\lib\aspectjweaver-1.9.1.jar;C:\Users\ATHIRA\AOT technologies\formflow\Katalon_Studio_Windows_64-8.0.5\Katalon_Studio_Windows_64-8.0.5\configuration\resources\lib\bcpkix-jdk15on-1.64.jar;C:\Users\ATHIRA\AOT technologies\formflow\Katalon_Studio_Windows_64-8.0.5\Katalon_Studio_Windows_64-8.0.5\configuration\resources\lib\bcprov-jdk15on-1.64.jar;C:\Users\ATHIRA\AOT technologies\formflow\Katalon_Studio_Windows_64-8.0.5\Katalon_Studio_Windows_64-8.0.5\configuration\resources\lib\browsermob-core-2.1.5.jar;C:\Users\ATHIRA\AOT technologies\formflow\Katalon_Studio_Windows_64-8.0.5\Katalon_Studio_Windows_64-8.0.5\configuration\resources\lib\cglib-3.2.10.jar;C:\Users\ATHIRA\AOT technologies\formflow\Katalon_Studio_Windows_64-8.0.5\Katalon_Studio_Windows_64-8.0.5\configuration\resources\lib\commons-codec-1.10.jar;C:\Users\ATHIRA\AOT technologies\formflow\Katalon_Studio_Windows_64-8.0.5\Katalon_Studio_Windows_64-8.0.5\configuration\resources\lib\commons-collections4-4.1.jar;C:\Users\ATHIRA\AOT technologies\formflow\Katalon_Studio_Windows_64-8.0.5\Katalon_S
java_class_path (initial): C:\Users\ATHIRA\Katalon Studio\TestSample\bin\keyword;C:\Users\ATHIRA\Katalon Studio\TestSample\bin\listener;C:\Users\ATHIRA\Katalon Studio\TestSample\bin\lib;C:\Users\ATHIRA\Katalon Studio\TestSample\bin\groovy;C:\Users\ATHIRA\Katalon Studio\TestSample\bin;C:\Users\ATHIRA\AOT technologies\formflow\Katalon_Studio_Windows_64-8.0.5\Katalon_Studio_Windows_64-8.0.5\plugins\com.kms.katalon.core_1.0.0.202106150524.jar;C:\Users\ATHIRA\AOT technologies\formflow\Katalon_Studio_Windows_64-8.0.5\Katalon_Studio_Windows_64-8.0.5\configuration\resources\lib\aalto-xml-1.0.0.jar;C:\Users\ATHIRA\AOT technologies\formflow\Katalon_Studio_Windows_64-8.0.5\Katalon_Studio_Windows_64-8.0.5\configuration\resources\lib\aspectjweaver-1.9.1.jar;C:\Users\ATHIRA\AOT technologies\formflow\Katalon_Studio_Windows_64-8.0.5\Katalon_Studio_Windows_64-8.0.5\configuration\resources\lib\bcpkix-jdk15on-1.64.jar;C:\Users\ATHIRA\AOT technologies\formflow\Katalon_Studio_Windows_64-8.0.5\Katalon_Studio_Windows_64-8.0.5\configuration\resources\lib\bcprov-jdk15on-1.64.jar;C:\Users\ATHIRA\AOT technologies\formflow\Katalon_Studio_Windows_64-8.0.5\Katalon_Studio_Windows_64-8.0.5\configuration\resources\lib\browsermob-core-2.1.5.jar;C:\Users\ATHIRA\AOT technologies\formflow\Katalon_Studio_Windows_64-8.0.5\Katalon_Studio_Windows_64-8.0.5\configuration\resources\lib\cglib-3.2.10.jar;C:\Users\ATHIRA\AOT technologies\formflow\Katalon_Studio_Windows_64-8.0.5\Katalon_Studio_Windows_64-8.0.5\configuration\resources\lib\commons-codec-1.10.jar;C:\Users\ATHIRA\AOT technologies\formflow\Katalon_Studio_Windows_64-8.0.5\Katalon_Studio_Windows_64-8.0.5\configuration\resources\lib\commons-collections4-4.1.jar;C:\Users\ATHIRA\AOT technologies\formflow\Katalon_Studio_Windows_64-8.0.5\Katalon_Studio_Windows_64-8.0.5\configuration\resources\lib\commons-validator-1.6.jar;C:\Users\ATHIRA\AOT technologies\formflow\Katalon_Studio_Windows_64-8.0.5\Katalon_Studio_Windows_64-8.0.5\configuration\resources\lib\cu
Launcher Type: SUN_STANDARD

Environment Variables:
PATH=C:/Users/ATHIRA/AOT technologies/formflow/Katalon_Studio_Windows_64-8.0.5/Katalon_Studio_Windows_64-8.0.5/jre/bin/server;C:/Users/ATHIRA/AOT technologies/formflow/Katalon_Studio_Windows_64-8.0.5/Katalon_Studio_Windows_64-8.0.5/jre/bin;C:/Users/ATHIRA/AOT technologies/formflow/Katalon_Studio_Windows_64-8.0.5/Katalon_Studio_Windows_64-8.0.5/jre/lib/amd64;C:\Program Files (x86)\Common Files\Oracle\Java\javapath;C:\Users\ATHIRA\AOT technologies\formflow\jdk-16.0.1_windows-x64_bin\jdk-16.0.1\bin;C:\WINDOWS\system32;C:\Users\ATHIRA\AOT technologies\formflow\apache-jmeter-5.4.1\apache-jmeter-5.4.1\bin;C:\Users\ATHIRA\AppData\Local\Microsoft\WindowsApps;;C:\Users\ATHIRA\AOT technologies\formflow\Katalon_Studio_Windows_64-8.0.5\Katalon_Studio_Windows_64-8.0.5;
USERNAME=ATHIRA
OS=Windows_NT
PROCESSOR_IDENTIFIER=Intel64 Family 6 Model 142 Stepping 12, GenuineIntel



---------------  S Y S T E M  ---------------

OS: Windows 10.0 , 64 bit Build 19041 (10.0.19041.1023)
HyperV virtualization detected

CPU:total 4 (initial active 4) (2 cores per cpu, 2 threads per core) family 6 model 142 stepping 12, cmov, cx8, fxsr, mmx, sse, sse2, sse3, ssse3, sse4.1, sse4.2, popcnt, avx, avx2, aes, clmul, erms, 3dnowpref, lzcnt, ht, tsc, tscinvbit, bmi1, bmi2, adx

Memory: 4k page, physical 3977204k(225952k free), swap 16035828k(824k free)

vm_info: OpenJDK 64-Bit Server VM (25.282-b08) for windows-amd64 JRE (Zulu 8.52.0.23-CA-win64) (1.8.0_282-b08), built on Jan 12 2021 07:45:49 by "tester" with MS VC++ 10.0 (VS2010)

time: Mon Jul 19 19:49:19 2021
timezone: Arabian Standard Time
elapsed time: 14.148354 seconds (0d 0h 0m 14s)

